Determining if the pthread_create exist failed with the following output:
Change Dir: /home/jonashaffky/Dokumente/Studium/Programmiersprachen/Uebung/Uebung4/programmiersprachen-aufgabe-4/build/CMakeFiles/CMakeTmp

Run Build Command:"/usr/bin/make" "cmTC_0f12b/fast"
/usr/bin/make -f CMakeFiles/cmTC_0f12b.dir/build.make CMakeFiles/cmTC_0f12b.dir/build
make[1]: Verzeichnis „/home/jonashaffky/Dokumente/Studium/Programmiersprachen/Uebung/Uebung4/programmiersprachen-aufgabe-4/build/CMakeFiles/CMakeTmp“ wird betreten
Building C object CMakeFiles/cmTC_0f12b.dir/CheckSymbolExists.c.o
/usr/bin/cc     -o CMakeFiles/cmTC_0f12b.dir/CheckSymbolExists.c.o   -c /home/jonashaffky/Dokumente/Studium/Programmiersprachen/Uebung/Uebung4/programmiersprachen-aufgabe-4/build/CMakeFiles/CMakeTmp/CheckSymbolExists.c
Linking C executable cmTC_0f12b
/usr/bin/cmake -E cmake_link_script CMakeFiles/cmTC_0f12b.dir/link.txt --verbose=1
/usr/bin/cc       CMakeFiles/cmTC_0f12b.dir/CheckSymbolExists.c.o  -o cmTC_0f12b -rdynamic 
CMakeFiles/cmTC_0f12b.dir/CheckSymbolExists.c.o: In Funktion `main':
CheckSymbolExists.c:(.text+0x16): Nicht definierter Verweis auf `pthread_create'
collect2: error: ld returned 1 exit status
CMakeFiles/cmTC_0f12b.dir/build.make:97: die Regel für Ziel „cmTC_0f12b“ scheiterte
make[1]: *** [cmTC_0f12b] Fehler 1
make[1]: Verzeichnis „/home/jonashaffky/Dokumente/Studium/Programmiersprachen/Uebung/Uebung4/programmiersprachen-aufgabe-4/build/CMakeFiles/CMakeTmp“ wird verlassen
Makefile:126: die Regel für Ziel „cmTC_0f12b/fast“ scheiterte
make: *** [cmTC_0f12b/fast] Fehler 2

File /home/jonashaffky/Dokumente/Studium/Programmiersprachen/Uebung/Uebung4/programmiersprachen-aufgabe-4/build/CMakeFiles/CMakeTmp/CheckSymbolExists.c:
/* */
#include <pthread.h>

int main(int argc, char** argv)
{
  (void)argv;
#ifndef pthread_create
  return ((int*)(&pthread_create))[argc];
#else
  (void)argc;
  return 0;
#endif
}

Determining if the function pthread_create exists in the pthreads failed with the following output:
Change Dir: /home/jonashaffky/Dokumente/Studium/Programmiersprachen/Uebung/Uebung4/programmiersprachen-aufgabe-4/build/CMakeFiles/CMakeTmp

Run Build Command:"/usr/bin/make" "cmTC_1eb82/fast"
/usr/bin/make -f CMakeFiles/cmTC_1eb82.dir/build.make CMakeFiles/cmTC_1eb82.dir/build
make[1]: Verzeichnis „/home/jonashaffky/Dokumente/Studium/Programmiersprachen/Uebung/Uebung4/programmiersprachen-aufgabe-4/build/CMakeFiles/CMakeTmp“ wird betreten
Building C object CMakeFiles/cmTC_1eb82.dir/CheckFunctionExists.c.o
/usr/bin/cc    -DCHECK_FUNCTION_EXISTS=pthread_create   -o CMakeFiles/cmTC_1eb82.dir/CheckFunctionExists.c.o   -c /usr/share/cmake-3.5/Modules/CheckFunctionExists.c
Linking C executable cmTC_1eb82
/usr/bin/cmake -E cmake_link_script CMakeFiles/cmTC_1eb82.dir/link.txt --verbose=1
/usr/bin/cc   -DCHECK_FUNCTION_EXISTS=pthread_create    CMakeFiles/cmTC_1eb82.dir/CheckFunctionExists.c.o  -o cmTC_1eb82 -rdynamic -lpthreads 
/usr/bin/ld: cannot find -lpthreads
collect2: error: ld returned 1 exit status
CMakeFiles/cmTC_1eb82.dir/build.make:97: die Regel für Ziel „cmTC_1eb82“ scheiterte
make[1]: *** [cmTC_1eb82] Fehler 1
make[1]: Verzeichnis „/home/jonashaffky/Dokumente/Studium/Programmiersprachen/Uebung/Uebung4/programmiersprachen-aufgabe-4/build/CMakeFiles/CMakeTmp“ wird verlassen
Makefile:126: die Regel für Ziel „cmTC_1eb82/fast“ scheiterte
make: *** [cmTC_1eb82/fast] Fehler 2


